Determining if the pthread_create exist failed with the following output:
Change Dir: /media/true15/DATA/mydocument/tm-tool-mm/transformation/onnx2ncnn/build/CMakeFiles/CMakeTmp

Run Build Command(s):/usr/bin/make cmTC_63207/fast 
/usr/bin/make -f CMakeFiles/cmTC_63207.dir/build.make CMakeFiles/cmTC_63207.dir/build
make[1]: Entering directory '/media/true15/DATA/mydocument/tm-tool-mm/transformation/onnx2ncnn/build/CMakeFiles/CMakeTmp'
Building C object CMakeFiles/cmTC_63207.dir/CheckSymbolExists.c.o
/usr/bin/cc    -o CMakeFiles/cmTC_63207.dir/CheckSymbolExists.c.o   -c /media/true15/DATA/mydocument/tm-tool-mm/transformation/onnx2ncnn/build/CMakeFiles/CMakeTmp/CheckSymbolExists.c
Linking C executable cmTC_63207
/usr/local/bin/cmake -E cmake_link_script CMakeFiles/cmTC_63207.dir/link.txt --verbose=1
/usr/bin/cc      -rdynamic CMakeFiles/cmTC_63207.dir/CheckSymbolExists.c.o  -o cmTC_63207 
CMakeFiles/cmTC_63207.dir/CheckSymbolExists.c.o: In function `main':
CheckSymbolExists.c:(.text+0x16): undefined reference to `pthread_create'
collect2: error: ld returned 1 exit status
CMakeFiles/cmTC_63207.dir/build.make:86: recipe for target 'cmTC_63207' failed
make[1]: *** [cmTC_63207] Error 1
make[1]: Leaving directory '/media/true15/DATA/mydocument/tm-tool-mm/transformation/onnx2ncnn/build/CMakeFiles/CMakeTmp'
Makefile:121: recipe for target 'cmTC_63207/fast' failed
make: *** [cmTC_63207/fast] Error 2

File /media/true15/DATA/mydocument/tm-tool-mm/transformation/onnx2ncnn/build/CMakeFiles/CMakeTmp/CheckSymbolExists.c:
/* */
#include <pthread.h>

int main(int argc, char** argv)
{
  (void)argv;
#ifndef pthread_create
  return ((int*)(&pthread_create))[argc];
#else
  (void)argc;
  return 0;
#endif
}

Determining if the function pthread_create exists in the pthreads failed with the following output:
Change Dir: /media/true15/DATA/mydocument/tm-tool-mm/transformation/onnx2ncnn/build/CMakeFiles/CMakeTmp

Run Build Command(s):/usr/bin/make cmTC_70c6f/fast 
/usr/bin/make -f CMakeFiles/cmTC_70c6f.dir/build.make CMakeFiles/cmTC_70c6f.dir/build
make[1]: Entering directory '/media/true15/DATA/mydocument/tm-tool-mm/transformation/onnx2ncnn/build/CMakeFiles/CMakeTmp'
Building C object CMakeFiles/cmTC_70c6f.dir/CheckFunctionExists.c.o
/usr/bin/cc   -DCHECK_FUNCTION_EXISTS=pthread_create   -o CMakeFiles/cmTC_70c6f.dir/CheckFunctionExists.c.o   -c /usr/local/share/cmake-3.14/Modules/CheckFunctionExists.c
Linking C executable cmTC_70c6f
/usr/local/bin/cmake -E cmake_link_script CMakeFiles/cmTC_70c6f.dir/link.txt --verbose=1
/usr/bin/cc  -DCHECK_FUNCTION_EXISTS=pthread_create    -rdynamic CMakeFiles/cmTC_70c6f.dir/CheckFunctionExists.c.o  -o cmTC_70c6f -lpthreads 
/usr/bin/ld: cannot find -lpthreads
collect2: error: ld returned 1 exit status
CMakeFiles/cmTC_70c6f.dir/build.make:86: recipe for target 'cmTC_70c6f' failed
make[1]: *** [cmTC_70c6f] Error 1
make[1]: Leaving directory '/media/true15/DATA/mydocument/tm-tool-mm/transformation/onnx2ncnn/build/CMakeFiles/CMakeTmp'
Makefile:121: recipe for target 'cmTC_70c6f/fast' failed
make: *** [cmTC_70c6f/fast] Error 2


